[debug] [2025-05-05T03:54:25.495Z] ----------------------------------------------------------------------
[debug] [2025-05-05T03:54:25.499Z] Command:       /nix/store/56fk3hhkk2lw9q5wdlq0v1ns65scwja4-nodejs-20.19.0/bin/node /home/user/.global_modules/bin/firebase init
[debug] [2025-05-05T03:54:25.500Z] CLI Version:   14.2.2
[debug] [2025-05-05T03:54:25.500Z] Platform:      linux
[debug] [2025-05-05T03:54:25.501Z] Node Version:  v20.19.0
[debug] [2025-05-05T03:54:25.501Z] Time:          Mon May 05 2025 03:54:25 GMT+0000 (Coordinated Universal Time)
[debug] [2025-05-05T03:54:25.501Z] ----------------------------------------------------------------------
[debug] 
[debug] [2025-05-05T03:54:25.506Z] >>> [apiv2][query] GET https://firebase-public.firebaseio.com/cli.json [none]
[debug] [2025-05-05T03:54:25.608Z] > command requires scopes: ["email","openid","https://www.googleapis.com/auth/cloudplatformprojects.readonly","https://www.googleapis.com/auth/firebase","https://www.googleapis.com/auth/cloud-platform"]
[debug] [2025-05-05T03:54:25.609Z] > authorizing via signed-in user (cyrilqc0820@gmail.com)
[info] 
     ######## #### ########  ######## ########     ###     ######  ########
     ##        ##  ##     ## ##       ##     ##  ##   ##  ##       ##
     ######    ##  ########  ######   ########  #########  ######  ######
     ##        ##  ##    ##  ##       ##     ## ##     ##       ## ##
     ##       #### ##     ## ######## ########  ##     ##  ######  ########

You're about to initialize a Firebase project in this directory:

  /home/user/studio

[debug] [2025-05-05T03:54:26.450Z] <<< [apiv2][status] GET https://firebase-public.firebaseio.com/cli.json 200
[debug] [2025-05-05T03:54:26.453Z] <<< [apiv2][body] GET https://firebase-public.firebaseio.com/cli.json {"cloudBuildErrorAfter":1594252800000,"cloudBuildWarnAfter":1590019200000,"defaultNode10After":1594252800000,"minVersion":"3.0.5","node8DeploysDisabledAfter":1613390400000,"node8RuntimeDisabledAfter":1615809600000,"node8WarnAfter":1600128000000}
